0 info it worked if it ends with ok
1 verbose cli [ 'D:\\Program Files (x86)\\nodejs\\node.exe',
1 verbose cli   'D:\\Program Files (x86)\\nodejs\\node_modules\\npm\\bin\\npm-cli.js',
1 verbose cli   'run',
1 verbose cli   'dev' ]
2 info using npm@3.10.10
3 info using node@v6.10.3
4 verbose run-script [ 'predev', 'dev', 'postdev' ]
5 info lifecycle demo2@1.0.0~predev: demo2@1.0.0
6 silly lifecycle demo2@1.0.0~predev: no script for predev, continuing
7 info lifecycle demo2@1.0.0~dev: demo2@1.0.0
8 verbose lifecycle demo2@1.0.0~dev: unsafe-perm in lifecycle true
9 verbose lifecycle demo2@1.0.0~dev: PATH: D:\Program Files (x86)\nodejs\node_modules\npm\bin\node-gyp-bin;D:\miaov\JS进阶\07-31\模块化例子2\node_modules\.bin;C:\Windows\system32;C:\Windows;C:\Windows\System32\Wbem;C:\Windows\System32\WindowsPowerShell\v1.0\;C:\Program Files (x86)\Microsoft SQL Server\100\Tools\Binn\;C:\Program Files\Microsoft SQL Server\100\Tools\Binn\;C:\Program Files\Microsoft SQL Server\100\DTS\Binn\;C:\Program Files (x86)\Microsoft SQL Server\100\Tools\Binn\VSShell\Common7\IDE\;C:\Program Files (x86)\Microsoft SQL Server\100\DTS\Binn\;C:\Program Files (x86)\Microsoft Visual Studio 9.0\Common7\IDE\PrivateAssemblies\;D:\Program Files\Git\cmd;D:\Program Files (x86)\Git\cmd;D:\Program Files (x86)\nodejs\;C:\Users\Administrator\AppData\Roaming\npm
10 verbose lifecycle demo2@1.0.0~dev: CWD: D:\miaov\JS进阶\07-31\模块化例子2
11 silly lifecycle demo2@1.0.0~dev: Args: [ '/d /s /c', 'webpack --watch' ]
12 silly lifecycle demo2@1.0.0~dev: Returned: code: 3221225786  signal: null
13 info lifecycle demo2@1.0.0~dev: Failed to exec dev script
14 verbose stack Error: demo2@1.0.0 dev: `webpack --watch`
14 verbose stack Exit status 3221225786
14 verbose stack     at EventEmitter.<anonymous> (D:\Program Files (x86)\nodejs\node_modules\npm\lib\utils\lifecycle.js:255:16)
14 verbose stack     at emitTwo (events.js:106:13)
14 verbose stack     at EventEmitter.emit (events.js:191:7)
14 verbose stack     at ChildProcess.<anonymous> (D:\Program Files (x86)\nodejs\node_modules\npm\lib\utils\spawn.js:40:14)
14 verbose stack     at emitTwo (events.js:106:13)
14 verbose stack     at ChildProcess.emit (events.js:191:7)
14 verbose stack     at maybeClose (internal/child_process.js:886:16)
14 verbose stack     at Process.ChildProcess._handle.onexit (internal/child_process.js:226:5)
15 verbose pkgid demo2@1.0.0
16 verbose cwd D:\miaov\JS进阶\07-31\模块化例子2
17 error Windows_NT 6.1.7601
18 error argv "D:\\Program Files (x86)\\nodejs\\node.exe" "D:\\Program Files (x86)\\nodejs\\node_modules\\npm\\bin\\npm-cli.js" "run" "dev"
19 error node v6.10.3
20 error npm  v3.10.10
21 error code ELIFECYCLE
22 error demo2@1.0.0 dev: `webpack --watch`
22 error Exit status 3221225786
23 error Failed at the demo2@1.0.0 dev script 'webpack --watch'.
23 error Make sure you have the latest version of node.js and npm installed.
23 error If you do, this is most likely a problem with the demo2 package,
23 error not with npm itself.
23 error Tell the author that this fails on your system:
23 error     webpack --watch
23 error You can get information on how to open an issue for this project with:
23 error     npm bugs demo2
23 error Or if that isn't available, you can get their info via:
23 error     npm owner ls demo2
23 error There is likely additional logging output above.
24 verbose exit [ 1, true ]
